<?xml version="1.0" encoding="UTF-8"?>
<!-- Generated by org.testng.reporters.JUnitXMLReporter -->
<testsuite ignored="0" hostname="IT-C02DR1Q7MD6P" failures="1" tests="5" name="Allure Tests" time="0.194" errors="0" timestamp="14 Jun 2021 03:09:42 GMT">
  <testcase classname="allure.examples.MyFirstClass" name="myFirstTest" time="0.046"/>
  <testcase classname="allure.examples.MyCalculatorTest" name="tc1" time="0.005"/>
  <testcase classname="allure.examples.MyCalculatorTest" name="tc2" time="0.004"/>
  <testcase classname="allure.examples.MyCalculatorTest" name="tc3" time="0.004"/>
  <testcase classname="allure.examples.MyCalculatorTest" name="tc4" time="0.002">
    <failure type="java.lang.AssertionError" message="expected [6.0] but found [5.0]">
      <![CDATA[java.lang.AssertionError: expected [6.0] but found [5.0]
at allure.examples.MyCalculatorTest.tc4(MyCalculatorTest.java:45)
... Removed 34 stack frames]]>
    </failure>
  </testcase> <!-- tc4 -->
</testsuite> <!-- Allure Tests -->
